14-Nov-2023 18:15:49.304 정보 [main] org.apache.catalina.startup.VersionLoggerListener.log 서버 버전 이름:    Apache Tomcat/10.1.15
14-Nov-2023 18:15:49.310 정보 [main] org.apache.catalina.startup.VersionLoggerListener.log Server 빌드 시각:  Oct 11 2023 23:38:40 UTC
14-Nov-2023 18:15:49.310 정보 [main] org.apache.catalina.startup.VersionLoggerListener.log Server 버전 번호:  10.1.15.0
14-Nov-2023 18:15:49.310 정보 [main] org.apache.catalina.startup.VersionLoggerListener.log 운영체제 이름:     Windows 11
14-Nov-2023 18:15:49.311 정보 [main] org.apache.catalina.startup.VersionLoggerListener.log 운영체제 버전:     10.0
14-Nov-2023 18:15:49.311 정보 [main] org.apache.catalina.startup.VersionLoggerListener.log 아키텍처:          amd64
14-Nov-2023 18:15:49.311 정보 [main] org.apache.catalina.startup.VersionLoggerListener.log 자바 홈:           C:\Users\전은기\.jdks\corretto-17.0.9
14-Nov-2023 18:15:49.311 정보 [main] org.apache.catalina.startup.VersionLoggerListener.log JVM 버전:          17.0.9+8-LTS
14-Nov-2023 18:15:49.311 정보 [main] org.apache.catalina.startup.VersionLoggerListener.log JVM 벤더:          Amazon.com Inc.
14-Nov-2023 18:15:49.311 정보 [main] org.apache.catalina.startup.VersionLoggerListener.log CATALINA_BASE:     C:\works\java_projects\JSP_Board
14-Nov-2023 18:15:49.311 정보 [main] org.apache.catalina.startup.VersionLoggerListener.log CATALINA_HOME:     C:\works\apache-tomcat-10.1.15
14-Nov-2023 18:15:49.325 정보 [main] org.apache.catalina.startup.VersionLoggerListener.log 명령 행 아규먼트:  --add-opens=java.base/java.lang=ALL-UNNAMED
14-Nov-2023 18:15:49.326 정보 [main] org.apache.catalina.startup.VersionLoggerListener.log 명령 행 아규먼트:  --add-opens=java.base/java.io=ALL-UNNAMED
14-Nov-2023 18:15:49.326 정보 [main] org.apache.catalina.startup.VersionLoggerListener.log 명령 행 아규먼트:  --add-opens=java.base/java.util=ALL-UNNAMED
14-Nov-2023 18:15:49.326 정보 [main] org.apache.catalina.startup.VersionLoggerListener.log 명령 행 아규먼트:  --add-opens=java.base/java.util.concurrent=ALL-UNNAMED
14-Nov-2023 18:15:49.326 정보 [main] org.apache.catalina.startup.VersionLoggerListener.log 명령 행 아규먼트:  --add-opens=java.rmi/sun.rmi.transport=ALL-UNNAMED
14-Nov-2023 18:15:49.326 정보 [main] org.apache.catalina.startup.VersionLoggerListener.log 명령 행 아규먼트:  -Dcatalina.home=C:\works\apache-tomcat-10.1.15
14-Nov-2023 18:15:49.326 정보 [main] org.apache.catalina.startup.VersionLoggerListener.log 명령 행 아규먼트:  -Dcatalina.base=C:\works\java_projects\JSP_Board
14-Nov-2023 18:15:49.326 정보 [main] org.apache.catalina.startup.VersionLoggerListener.log 명령 행 아규먼트:  -Djava.io.tmpdir=C:\works\java_projects\JSP_Board\temp
14-Nov-2023 18:15:49.326 정보 [main] org.apache.catalina.startup.VersionLoggerListener.log 명령 행 아규먼트:  -Djava.util.logging.config.file=C:\works\java_projects\JSP_Board\conf\logging.properties
14-Nov-2023 18:15:49.326 정보 [main] org.apache.catalina.startup.VersionLoggerListener.log 명령 행 아규먼트:  -Djava.util.logging.manager=org.apache.juli.ClassLoaderLogManager
14-Nov-2023 18:15:49.326 정보 [main] org.apache.catalina.startup.VersionLoggerListener.log 명령 행 아규먼트:  -javaagent:C:\Program Files\JetBrains\IntelliJ IDEA Community Edition 2023.2.5\lib\idea_rt.jar=62180:C:\Program Files\JetBrains\IntelliJ IDEA Community Edition 2023.2.5\bin
14-Nov-2023 18:15:49.327 정보 [main] org.apache.catalina.startup.VersionLoggerListener.log 명령 행 아규먼트:  -Dfile.encoding=UTF-8
14-Nov-2023 18:15:49.335 정보 [main] org.apache.catalina.core.AprLifecycleListener.lifecycleEvent APR 버전 [1.7.4]을(를) 사용한, APR 기반 Apache Tomcat Native 라이브러리 [2.0.6]을(를) 로드했습니다.
14-Nov-2023 18:15:49.356 정보 [main] org.apache.catalina.core.AprLifecycleListener.initializeSSL OpenSSL이 성공적으로 초기화되었습니다: [OpenSSL 3.0.11 19 Sep 2023]
14-Nov-2023 18:15:49.631 정보 [main] org.apache.coyote.AbstractProtocol.init 프로토콜 핸들러 ["http-nio-8081"]을(를) 초기화합니다.
14-Nov-2023 18:15:49.665 정보 [main] org.apache.catalina.startup.Catalina.load [710] 밀리초 내에 서버가 초기화되었습니다.
14-Nov-2023 18:15:49.760 정보 [main] org.apache.catalina.core.StandardService.startInternal 서비스 [Catalina]을(를) 시작합니다.
14-Nov-2023 18:15:49.761 정보 [main] org.apache.catalina.core.StandardEngine.startInternal 서버 엔진을 시작합니다: [Apache Tomcat/10.1.15]
14-Nov-2023 18:15:49.787 정보 [main] org.apache.catalina.startup.HostConfig.deployDescriptor 배치 descriptor [C:\works\java_projects\JSP_Board\conf\Catalina\localhost\ROOT.xml]을(를) 배치합니다.
14-Nov-2023 18:15:50.497 정보 [main] org.apache.catalina.startup.HostConfig.deployDescriptor 배치 descriptor [C:\works\java_projects\JSP_Board\conf\Catalina\localhost\ROOT.xml]의 배치가 [708] 밀리초 내에 완료되었습니다.
14-Nov-2023 18:15:50.501 정보 [main] org.apache.coyote.AbstractProtocol.start 프로토콜 핸들러 ["http-nio-8081"]을(를) 시작합니다.
14-Nov-2023 18:15:50.601 정보 [main] org.apache.catalina.startup.Catalina.start 서버가 [935] 밀리초 내에 시작되었습니다.
14-Nov-2023 19:11:20.739 정보 [Thread-1] org.apache.coyote.AbstractProtocol.pause 프로토콜 핸들러 ["http-nio-8081"]을(를) 일시 정지 중
14-Nov-2023 19:11:20.826 정보 [Thread-1] org.apache.catalina.core.StandardService.stopInternal 서비스 [Catalina]을(를) 중지시킵니다.
14-Nov-2023 19:11:21.053 정보 [Thread-1] org.apache.coyote.AbstractProtocol.stop 프로토콜 핸들러 ["http-nio-8081"]을(를) 중지시킵니다.
14-Nov-2023 19:11:21.087 정보 [Thread-1] org.apache.coyote.AbstractProtocol.destroy 프로토콜 핸들러 ["http-nio-8081"]을(를) 소멸시킵니다.
14-Nov-2023 19:16:38.314 정보 [main] org.apache.catalina.startup.VersionLoggerListener.log 서버 버전 이름:    Apache Tomcat/10.1.15
14-Nov-2023 19:16:38.322 정보 [main] org.apache.catalina.startup.VersionLoggerListener.log Server 빌드 시각:  Oct 11 2023 23:38:40 UTC
14-Nov-2023 19:16:38.323 정보 [main] org.apache.catalina.startup.VersionLoggerListener.log Server 버전 번호:  10.1.15.0
14-Nov-2023 19:16:38.323 정보 [main] org.apache.catalina.startup.VersionLoggerListener.log 운영체제 이름:     Windows 11
14-Nov-2023 19:16:38.323 정보 [main] org.apache.catalina.startup.VersionLoggerListener.log 운영체제 버전:     10.0
14-Nov-2023 19:16:38.323 정보 [main] org.apache.catalina.startup.VersionLoggerListener.log 아키텍처:          amd64
14-Nov-2023 19:16:38.323 정보 [main] org.apache.catalina.startup.VersionLoggerListener.log 자바 홈:           C:\Users\전은기\.jdks\corretto-17.0.9
14-Nov-2023 19:16:38.324 정보 [main] org.apache.catalina.startup.VersionLoggerListener.log JVM 버전:          17.0.9+8-LTS
14-Nov-2023 19:16:38.324 정보 [main] org.apache.catalina.startup.VersionLoggerListener.log JVM 벤더:          Amazon.com Inc.
14-Nov-2023 19:16:38.324 정보 [main] org.apache.catalina.startup.VersionLoggerListener.log CATALINA_BASE:     C:\works\java_projects\JSP_Board
14-Nov-2023 19:16:38.324 정보 [main] org.apache.catalina.startup.VersionLoggerListener.log CATALINA_HOME:     C:\works\apache-tomcat-10.1.15
14-Nov-2023 19:16:38.342 정보 [main] org.apache.catalina.startup.VersionLoggerListener.log 명령 행 아규먼트:  --add-opens=java.base/java.lang=ALL-UNNAMED
14-Nov-2023 19:16:38.343 정보 [main] org.apache.catalina.startup.VersionLoggerListener.log 명령 행 아규먼트:  --add-opens=java.base/java.io=ALL-UNNAMED
14-Nov-2023 19:16:38.343 정보 [main] org.apache.catalina.startup.VersionLoggerListener.log 명령 행 아규먼트:  --add-opens=java.base/java.util=ALL-UNNAMED
14-Nov-2023 19:16:38.343 정보 [main] org.apache.catalina.startup.VersionLoggerListener.log 명령 행 아규먼트:  --add-opens=java.base/java.util.concurrent=ALL-UNNAMED
14-Nov-2023 19:16:38.343 정보 [main] org.apache.catalina.startup.VersionLoggerListener.log 명령 행 아규먼트:  --add-opens=java.rmi/sun.rmi.transport=ALL-UNNAMED
14-Nov-2023 19:16:38.343 정보 [main] org.apache.catalina.startup.VersionLoggerListener.log 명령 행 아규먼트:  -Dcatalina.home=C:\works\apache-tomcat-10.1.15
14-Nov-2023 19:16:38.343 정보 [main] org.apache.catalina.startup.VersionLoggerListener.log 명령 행 아규먼트:  -Dcatalina.base=C:\works\java_projects\JSP_Board
14-Nov-2023 19:16:38.343 정보 [main] org.apache.catalina.startup.VersionLoggerListener.log 명령 행 아규먼트:  -Djava.io.tmpdir=C:\works\java_projects\JSP_Board\temp
14-Nov-2023 19:16:38.343 정보 [main] org.apache.catalina.startup.VersionLoggerListener.log 명령 행 아규먼트:  -Djava.util.logging.config.file=C:\works\java_projects\JSP_Board\conf\logging.properties
14-Nov-2023 19:16:38.343 정보 [main] org.apache.catalina.startup.VersionLoggerListener.log 명령 행 아규먼트:  -Djava.util.logging.manager=org.apache.juli.ClassLoaderLogManager
14-Nov-2023 19:16:38.344 정보 [main] org.apache.catalina.startup.VersionLoggerListener.log 명령 행 아규먼트:  -javaagent:C:\Program Files\JetBrains\IntelliJ IDEA Community Edition 2023.2.5\lib\idea_rt.jar=49320:C:\Program Files\JetBrains\IntelliJ IDEA Community Edition 2023.2.5\bin
14-Nov-2023 19:16:38.344 정보 [main] org.apache.catalina.startup.VersionLoggerListener.log 명령 행 아규먼트:  -Dfile.encoding=UTF-8
14-Nov-2023 19:16:38.349 정보 [main] org.apache.catalina.core.AprLifecycleListener.lifecycleEvent APR 버전 [1.7.4]을(를) 사용한, APR 기반 Apache Tomcat Native 라이브러리 [2.0.6]을(를) 로드했습니다.
14-Nov-2023 19:16:38.360 정보 [main] org.apache.catalina.core.AprLifecycleListener.initializeSSL OpenSSL이 성공적으로 초기화되었습니다: [OpenSSL 3.0.11 19 Sep 2023]
14-Nov-2023 19:16:38.679 정보 [main] org.apache.coyote.AbstractProtocol.init 프로토콜 핸들러 ["http-nio-8081"]을(를) 초기화합니다.
14-Nov-2023 19:16:38.703 정보 [main] org.apache.catalina.startup.Catalina.load [688] 밀리초 내에 서버가 초기화되었습니다.
14-Nov-2023 19:16:38.765 정보 [main] org.apache.catalina.core.StandardService.startInternal 서비스 [Catalina]을(를) 시작합니다.
14-Nov-2023 19:16:38.766 정보 [main] org.apache.catalina.core.StandardEngine.startInternal 서버 엔진을 시작합니다: [Apache Tomcat/10.1.15]
14-Nov-2023 19:16:38.783 정보 [main] org.apache.catalina.startup.HostConfig.deployDescriptor 배치 descriptor [C:\works\java_projects\JSP_Board\conf\Catalina\localhost\ROOT.xml]을(를) 배치합니다.
14-Nov-2023 19:16:39.574 경고 [main] org.apache.catalina.util.SessionIdGeneratorBase.createSecureRandom [SHA1PRNG] 알고리즘을 사용하여, 세션 ID를 생성하기 위한 SecureRandom 객체를 생성하는데, [206] 밀리초가 소요됐습니다.
14-Nov-2023 19:16:39.621 정보 [main] org.apache.catalina.startup.HostConfig.deployDescriptor 배치 descriptor [C:\works\java_projects\JSP_Board\conf\Catalina\localhost\ROOT.xml]의 배치가 [838] 밀리초 내에 완료되었습니다.
14-Nov-2023 19:16:39.626 정보 [main] org.apache.coyote.AbstractProtocol.start 프로토콜 핸들러 ["http-nio-8081"]을(를) 시작합니다.
14-Nov-2023 19:16:39.888 정보 [main] org.apache.catalina.startup.Catalina.start 서버가 [1185] 밀리초 내에 시작되었습니다.
14-Nov-2023 19:17:32.878 정보 [Thread-1] org.apache.coyote.AbstractProtocol.pause 프로토콜 핸들러 ["http-nio-8081"]을(를) 일시 정지 중
14-Nov-2023 19:17:32.911 정보 [Thread-1] org.apache.catalina.core.StandardService.stopInternal 서비스 [Catalina]을(를) 중지시킵니다.
14-Nov-2023 19:17:32.925 정보 [Thread-1] org.apache.coyote.AbstractProtocol.stop 프로토콜 핸들러 ["http-nio-8081"]을(를) 중지시킵니다.
14-Nov-2023 19:17:32.938 정보 [Thread-1] org.apache.coyote.AbstractProtocol.destroy 프로토콜 핸들러 ["http-nio-8081"]을(를) 소멸시킵니다.
14-Nov-2023 19:17:36.784 정보 [main] org.apache.catalina.startup.VersionLoggerListener.log 서버 버전 이름:    Apache Tomcat/10.1.15
14-Nov-2023 19:17:36.789 정보 [main] org.apache.catalina.startup.VersionLoggerListener.log Server 빌드 시각:  Oct 11 2023 23:38:40 UTC
14-Nov-2023 19:17:36.789 정보 [main] org.apache.catalina.startup.VersionLoggerListener.log Server 버전 번호:  10.1.15.0
14-Nov-2023 19:17:36.789 정보 [main] org.apache.catalina.startup.VersionLoggerListener.log 운영체제 이름:     Windows 11
14-Nov-2023 19:17:36.789 정보 [main] org.apache.catalina.startup.VersionLoggerListener.log 운영체제 버전:     10.0
14-Nov-2023 19:17:36.789 정보 [main] org.apache.catalina.startup.VersionLoggerListener.log 아키텍처:          amd64
14-Nov-2023 19:17:36.789 정보 [main] org.apache.catalina.startup.VersionLoggerListener.log 자바 홈:           C:\Users\전은기\.jdks\corretto-17.0.9
14-Nov-2023 19:17:36.789 정보 [main] org.apache.catalina.startup.VersionLoggerListener.log JVM 버전:          17.0.9+8-LTS
14-Nov-2023 19:17:36.789 정보 [main] org.apache.catalina.startup.VersionLoggerListener.log JVM 벤더:          Amazon.com Inc.
14-Nov-2023 19:17:36.790 정보 [main] org.apache.catalina.startup.VersionLoggerListener.log CATALINA_BASE:     C:\works\java_projects\JSP_Board
14-Nov-2023 19:17:36.790 정보 [main] org.apache.catalina.startup.VersionLoggerListener.log CATALINA_HOME:     C:\works\apache-tomcat-10.1.15
14-Nov-2023 19:17:36.801 정보 [main] org.apache.catalina.startup.VersionLoggerListener.log 명령 행 아규먼트:  --add-opens=java.base/java.lang=ALL-UNNAMED
14-Nov-2023 19:17:36.801 정보 [main] org.apache.catalina.startup.VersionLoggerListener.log 명령 행 아규먼트:  --add-opens=java.base/java.io=ALL-UNNAMED
14-Nov-2023 19:17:36.802 정보 [main] org.apache.catalina.startup.VersionLoggerListener.log 명령 행 아규먼트:  --add-opens=java.base/java.util=ALL-UNNAMED
14-Nov-2023 19:17:36.802 정보 [main] org.apache.catalina.startup.VersionLoggerListener.log 명령 행 아규먼트:  --add-opens=java.base/java.util.concurrent=ALL-UNNAMED
14-Nov-2023 19:17:36.802 정보 [main] org.apache.catalina.startup.VersionLoggerListener.log 명령 행 아규먼트:  --add-opens=java.rmi/sun.rmi.transport=ALL-UNNAMED
14-Nov-2023 19:17:36.802 정보 [main] org.apache.catalina.startup.VersionLoggerListener.log 명령 행 아규먼트:  -Dcatalina.home=C:\works\apache-tomcat-10.1.15
14-Nov-2023 19:17:36.802 정보 [main] org.apache.catalina.startup.VersionLoggerListener.log 명령 행 아규먼트:  -Dcatalina.base=C:\works\java_projects\JSP_Board
14-Nov-2023 19:17:36.802 정보 [main] org.apache.catalina.startup.VersionLoggerListener.log 명령 행 아규먼트:  -Djava.io.tmpdir=C:\works\java_projects\JSP_Board\temp
14-Nov-2023 19:17:36.802 정보 [main] org.apache.catalina.startup.VersionLoggerListener.log 명령 행 아규먼트:  -Djava.util.logging.config.file=C:\works\java_projects\JSP_Board\conf\logging.properties
14-Nov-2023 19:17:36.802 정보 [main] org.apache.catalina.startup.VersionLoggerListener.log 명령 행 아규먼트:  -Djava.util.logging.manager=org.apache.juli.ClassLoaderLogManager
14-Nov-2023 19:17:36.802 정보 [main] org.apache.catalina.startup.VersionLoggerListener.log 명령 행 아규먼트:  -javaagent:C:\Program Files\JetBrains\IntelliJ IDEA Community Edition 2023.2.5\lib\idea_rt.jar=49345:C:\Program Files\JetBrains\IntelliJ IDEA Community Edition 2023.2.5\bin
14-Nov-2023 19:17:36.803 정보 [main] org.apache.catalina.startup.VersionLoggerListener.log 명령 행 아규먼트:  -Dfile.encoding=UTF-8
14-Nov-2023 19:17:36.808 정보 [main] org.apache.catalina.core.AprLifecycleListener.lifecycleEvent APR 버전 [1.7.4]을(를) 사용한, APR 기반 Apache Tomcat Native 라이브러리 [2.0.6]을(를) 로드했습니다.
14-Nov-2023 19:17:36.818 정보 [main] org.apache.catalina.core.AprLifecycleListener.initializeSSL OpenSSL이 성공적으로 초기화되었습니다: [OpenSSL 3.0.11 19 Sep 2023]
14-Nov-2023 19:17:37.057 정보 [main] org.apache.coyote.AbstractProtocol.init 프로토콜 핸들러 ["http-nio-8081"]을(를) 초기화합니다.
14-Nov-2023 19:17:37.091 정보 [main] org.apache.catalina.startup.Catalina.load [546] 밀리초 내에 서버가 초기화되었습니다.
14-Nov-2023 19:17:37.172 정보 [main] org.apache.catalina.core.StandardService.startInternal 서비스 [Catalina]을(를) 시작합니다.
14-Nov-2023 19:17:37.173 정보 [main] org.apache.catalina.core.StandardEngine.startInternal 서버 엔진을 시작합니다: [Apache Tomcat/10.1.15]
14-Nov-2023 19:17:37.196 정보 [main] org.apache.catalina.startup.HostConfig.deployDescriptor 배치 descriptor [C:\works\java_projects\JSP_Board\conf\Catalina\localhost\ROOT.xml]을(를) 배치합니다.
14-Nov-2023 19:17:37.904 경고 [main] org.apache.catalina.util.SessionIdGeneratorBase.createSecureRandom [SHA1PRNG] 알고리즘을 사용하여, 세션 ID를 생성하기 위한 SecureRandom 객체를 생성하는데, [135] 밀리초가 소요됐습니다.
14-Nov-2023 19:17:37.935 정보 [main] org.apache.catalina.startup.HostConfig.deployDescriptor 배치 descriptor [C:\works\java_projects\JSP_Board\conf\Catalina\localhost\ROOT.xml]의 배치가 [739] 밀리초 내에 완료되었습니다.
14-Nov-2023 19:17:37.944 정보 [main] org.apache.coyote.AbstractProtocol.start 프로토콜 핸들러 ["http-nio-8081"]을(를) 시작합니다.
14-Nov-2023 19:17:38.071 정보 [main] org.apache.catalina.startup.Catalina.start 서버가 [978] 밀리초 내에 시작되었습니다.
14-Nov-2023 19:20:00.864 정보 [Thread-1] org.apache.coyote.AbstractProtocol.pause 프로토콜 핸들러 ["http-nio-8081"]을(를) 일시 정지 중
14-Nov-2023 19:20:00.940 정보 [Thread-1] org.apache.catalina.core.StandardService.stopInternal 서비스 [Catalina]을(를) 중지시킵니다.
14-Nov-2023 19:20:00.953 정보 [Thread-1] org.apache.coyote.AbstractProtocol.stop 프로토콜 핸들러 ["http-nio-8081"]을(를) 중지시킵니다.
14-Nov-2023 19:20:00.967 정보 [Thread-1] org.apache.coyote.AbstractProtocol.destroy 프로토콜 핸들러 ["http-nio-8081"]을(를) 소멸시킵니다.
14-Nov-2023 19:20:03.128 정보 [main] org.apache.catalina.startup.VersionLoggerListener.log 서버 버전 이름:    Apache Tomcat/10.1.15
14-Nov-2023 19:20:03.134 정보 [main] org.apache.catalina.startup.VersionLoggerListener.log Server 빌드 시각:  Oct 11 2023 23:38:40 UTC
14-Nov-2023 19:20:03.134 정보 [main] org.apache.catalina.startup.VersionLoggerListener.log Server 버전 번호:  10.1.15.0
14-Nov-2023 19:20:03.134 정보 [main] org.apache.catalina.startup.VersionLoggerListener.log 운영체제 이름:     Windows 11
14-Nov-2023 19:20:03.135 정보 [main] org.apache.catalina.startup.VersionLoggerListener.log 운영체제 버전:     10.0
14-Nov-2023 19:20:03.135 정보 [main] org.apache.catalina.startup.VersionLoggerListener.log 아키텍처:          amd64
14-Nov-2023 19:20:03.135 정보 [main] org.apache.catalina.startup.VersionLoggerListener.log 자바 홈:           C:\Users\전은기\.jdks\corretto-17.0.9
14-Nov-2023 19:20:03.135 정보 [main] org.apache.catalina.startup.VersionLoggerListener.log JVM 버전:          17.0.9+8-LTS
14-Nov-2023 19:20:03.135 정보 [main] org.apache.catalina.startup.VersionLoggerListener.log JVM 벤더:          Amazon.com Inc.
14-Nov-2023 19:20:03.135 정보 [main] org.apache.catalina.startup.VersionLoggerListener.log CATALINA_BASE:     C:\works\java_projects\JSP_Board
14-Nov-2023 19:20:03.135 정보 [main] org.apache.catalina.startup.VersionLoggerListener.log CATALINA_HOME:     C:\works\apache-tomcat-10.1.15
14-Nov-2023 19:20:03.148 정보 [main] org.apache.catalina.startup.VersionLoggerListener.log 명령 행 아규먼트:  --add-opens=java.base/java.lang=ALL-UNNAMED
14-Nov-2023 19:20:03.148 정보 [main] org.apache.catalina.startup.VersionLoggerListener.log 명령 행 아규먼트:  --add-opens=java.base/java.io=ALL-UNNAMED
14-Nov-2023 19:20:03.148 정보 [main] org.apache.catalina.startup.VersionLoggerListener.log 명령 행 아규먼트:  --add-opens=java.base/java.util=ALL-UNNAMED
14-Nov-2023 19:20:03.148 정보 [main] org.apache.catalina.startup.VersionLoggerListener.log 명령 행 아규먼트:  --add-opens=java.base/java.util.concurrent=ALL-UNNAMED
14-Nov-2023 19:20:03.148 정보 [main] org.apache.catalina.startup.VersionLoggerListener.log 명령 행 아규먼트:  --add-opens=java.rmi/sun.rmi.transport=ALL-UNNAMED
14-Nov-2023 19:20:03.149 정보 [main] org.apache.catalina.startup.VersionLoggerListener.log 명령 행 아규먼트:  -Dcatalina.home=C:\works\apache-tomcat-10.1.15
14-Nov-2023 19:20:03.149 정보 [main] org.apache.catalina.startup.VersionLoggerListener.log 명령 행 아규먼트:  -Dcatalina.base=C:\works\java_projects\JSP_Board
14-Nov-2023 19:20:03.149 정보 [main] org.apache.catalina.startup.VersionLoggerListener.log 명령 행 아규먼트:  -Djava.io.tmpdir=C:\works\java_projects\JSP_Board\temp
14-Nov-2023 19:20:03.149 정보 [main] org.apache.catalina.startup.VersionLoggerListener.log 명령 행 아규먼트:  -Djava.util.logging.config.file=C:\works\java_projects\JSP_Board\conf\logging.properties
14-Nov-2023 19:20:03.149 정보 [main] org.apache.catalina.startup.VersionLoggerListener.log 명령 행 아규먼트:  -Djava.util.logging.manager=org.apache.juli.ClassLoaderLogManager
14-Nov-2023 19:20:03.149 정보 [main] org.apache.catalina.startup.VersionLoggerListener.log 명령 행 아규먼트:  -javaagent:C:\Program Files\JetBrains\IntelliJ IDEA Community Edition 2023.2.5\lib\idea_rt.jar=49684:C:\Program Files\JetBrains\IntelliJ IDEA Community Edition 2023.2.5\bin
14-Nov-2023 19:20:03.149 정보 [main] org.apache.catalina.startup.VersionLoggerListener.log 명령 행 아규먼트:  -Dfile.encoding=UTF-8
14-Nov-2023 19:20:03.154 정보 [main] org.apache.catalina.core.AprLifecycleListener.lifecycleEvent APR 버전 [1.7.4]을(를) 사용한, APR 기반 Apache Tomcat Native 라이브러리 [2.0.6]을(를) 로드했습니다.
14-Nov-2023 19:20:03.163 정보 [main] org.apache.catalina.core.AprLifecycleListener.initializeSSL OpenSSL이 성공적으로 초기화되었습니다: [OpenSSL 3.0.11 19 Sep 2023]
14-Nov-2023 19:20:03.403 정보 [main] org.apache.coyote.AbstractProtocol.init 프로토콜 핸들러 ["http-nio-8081"]을(를) 초기화합니다.
14-Nov-2023 19:20:03.433 정보 [main] org.apache.catalina.startup.Catalina.load [551] 밀리초 내에 서버가 초기화되었습니다.
14-Nov-2023 19:20:03.523 정보 [main] org.apache.catalina.core.StandardService.startInternal 서비스 [Catalina]을(를) 시작합니다.
14-Nov-2023 19:20:03.523 정보 [main] org.apache.catalina.core.StandardEngine.startInternal 서버 엔진을 시작합니다: [Apache Tomcat/10.1.15]
14-Nov-2023 19:20:03.549 정보 [main] org.apache.catalina.startup.HostConfig.deployDescriptor 배치 descriptor [C:\works\java_projects\JSP_Board\conf\Catalina\localhost\ROOT.xml]을(를) 배치합니다.
14-Nov-2023 19:20:04.286 경고 [main] org.apache.catalina.util.SessionIdGeneratorBase.createSecureRandom [SHA1PRNG] 알고리즘을 사용하여, 세션 ID를 생성하기 위한 SecureRandom 객체를 생성하는데, [134] 밀리초가 소요됐습니다.
14-Nov-2023 19:20:04.318 정보 [main] org.apache.catalina.startup.HostConfig.deployDescriptor 배치 descriptor [C:\works\java_projects\JSP_Board\conf\Catalina\localhost\ROOT.xml]의 배치가 [763] 밀리초 내에 완료되었습니다.
14-Nov-2023 19:20:04.321 정보 [main] org.apache.coyote.AbstractProtocol.start 프로토콜 핸들러 ["http-nio-8081"]을(를) 시작합니다.
14-Nov-2023 19:20:04.437 정보 [main] org.apache.catalina.startup.Catalina.start 서버가 [1003] 밀리초 내에 시작되었습니다.
14-Nov-2023 19:21:09.418 정보 [Thread-1] org.apache.coyote.AbstractProtocol.pause 프로토콜 핸들러 ["http-nio-8081"]을(를) 일시 정지 중
14-Nov-2023 19:21:09.462 정보 [Thread-1] org.apache.catalina.core.StandardService.stopInternal 서비스 [Catalina]을(를) 중지시킵니다.
14-Nov-2023 19:21:09.471 정보 [Thread-1] org.apache.coyote.AbstractProtocol.stop 프로토콜 핸들러 ["http-nio-8081"]을(를) 중지시킵니다.
14-Nov-2023 19:21:09.475 정보 [Thread-1] org.apache.coyote.AbstractProtocol.destroy 프로토콜 핸들러 ["http-nio-8081"]을(를) 소멸시킵니다.
14-Nov-2023 19:21:10.926 정보 [main] org.apache.catalina.startup.VersionLoggerListener.log 서버 버전 이름:    Apache Tomcat/10.1.15
14-Nov-2023 19:21:10.931 정보 [main] org.apache.catalina.startup.VersionLoggerListener.log Server 빌드 시각:  Oct 11 2023 23:38:40 UTC
14-Nov-2023 19:21:10.931 정보 [main] org.apache.catalina.startup.VersionLoggerListener.log Server 버전 번호:  10.1.15.0
14-Nov-2023 19:21:10.931 정보 [main] org.apache.catalina.startup.VersionLoggerListener.log 운영체제 이름:     Windows 11
14-Nov-2023 19:21:10.932 정보 [main] org.apache.catalina.startup.VersionLoggerListener.log 운영체제 버전:     10.0
14-Nov-2023 19:21:10.932 정보 [main] org.apache.catalina.startup.VersionLoggerListener.log 아키텍처:          amd64
14-Nov-2023 19:21:10.932 정보 [main] org.apache.catalina.startup.VersionLoggerListener.log 자바 홈:           C:\Users\전은기\.jdks\corretto-17.0.9
14-Nov-2023 19:21:10.932 정보 [main] org.apache.catalina.startup.VersionLoggerListener.log JVM 버전:          17.0.9+8-LTS
14-Nov-2023 19:21:10.932 정보 [main] org.apache.catalina.startup.VersionLoggerListener.log JVM 벤더:          Amazon.com Inc.
14-Nov-2023 19:21:10.932 정보 [main] org.apache.catalina.startup.VersionLoggerListener.log CATALINA_BASE:     C:\works\java_projects\JSP_Board
14-Nov-2023 19:21:10.932 정보 [main] org.apache.catalina.startup.VersionLoggerListener.log CATALINA_HOME:     C:\works\apache-tomcat-10.1.15
14-Nov-2023 19:21:10.948 정보 [main] org.apache.catalina.startup.VersionLoggerListener.log 명령 행 아규먼트:  --add-opens=java.base/java.lang=ALL-UNNAMED
14-Nov-2023 19:21:10.949 정보 [main] org.apache.catalina.startup.VersionLoggerListener.log 명령 행 아규먼트:  --add-opens=java.base/java.io=ALL-UNNAMED
14-Nov-2023 19:21:10.949 정보 [main] org.apache.catalina.startup.VersionLoggerListener.log 명령 행 아규먼트:  --add-opens=java.base/java.util=ALL-UNNAMED
14-Nov-2023 19:21:10.949 정보 [main] org.apache.catalina.startup.VersionLoggerListener.log 명령 행 아규먼트:  --add-opens=java.base/java.util.concurrent=ALL-UNNAMED
14-Nov-2023 19:21:10.949 정보 [main] org.apache.catalina.startup.VersionLoggerListener.log 명령 행 아규먼트:  --add-opens=java.rmi/sun.rmi.transport=ALL-UNNAMED
14-Nov-2023 19:21:10.949 정보 [main] org.apache.catalina.startup.VersionLoggerListener.log 명령 행 아규먼트:  -Dcatalina.home=C:\works\apache-tomcat-10.1.15
14-Nov-2023 19:21:10.949 정보 [main] org.apache.catalina.startup.VersionLoggerListener.log 명령 행 아규먼트:  -Dcatalina.base=C:\works\java_projects\JSP_Board
14-Nov-2023 19:21:10.950 정보 [main] org.apache.catalina.startup.VersionLoggerListener.log 명령 행 아규먼트:  -Djava.io.tmpdir=C:\works\java_projects\JSP_Board\temp
14-Nov-2023 19:21:10.950 정보 [main] org.apache.catalina.startup.VersionLoggerListener.log 명령 행 아규먼트:  -Djava.util.logging.config.file=C:\works\java_projects\JSP_Board\conf\logging.properties
14-Nov-2023 19:21:10.950 정보 [main] org.apache.catalina.startup.VersionLoggerListener.log 명령 행 아규먼트:  -Djava.util.logging.manager=org.apache.juli.ClassLoaderLogManager
14-Nov-2023 19:21:10.951 정보 [main] org.apache.catalina.startup.VersionLoggerListener.log 명령 행 아규먼트:  -javaagent:C:\Program Files\JetBrains\IntelliJ IDEA Community Edition 2023.2.5\lib\idea_rt.jar=49715:C:\Program Files\JetBrains\IntelliJ IDEA Community Edition 2023.2.5\bin
14-Nov-2023 19:21:10.951 정보 [main] org.apache.catalina.startup.VersionLoggerListener.log 명령 행 아규먼트:  -Dfile.encoding=UTF-8
14-Nov-2023 19:21:10.955 정보 [main] org.apache.catalina.core.AprLifecycleListener.lifecycleEvent APR 버전 [1.7.4]을(를) 사용한, APR 기반 Apache Tomcat Native 라이브러리 [2.0.6]을(를) 로드했습니다.
14-Nov-2023 19:21:10.967 정보 [main] org.apache.catalina.core.AprLifecycleListener.initializeSSL OpenSSL이 성공적으로 초기화되었습니다: [OpenSSL 3.0.11 19 Sep 2023]
14-Nov-2023 19:21:11.302 정보 [main] org.apache.coyote.AbstractProtocol.init 프로토콜 핸들러 ["http-nio-8081"]을(를) 초기화합니다.
14-Nov-2023 19:21:11.335 정보 [main] org.apache.catalina.startup.Catalina.load [694] 밀리초 내에 서버가 초기화되었습니다.
14-Nov-2023 19:21:11.422 정보 [main] org.apache.catalina.core.StandardService.startInternal 서비스 [Catalina]을(를) 시작합니다.
14-Nov-2023 19:21:11.423 정보 [main] org.apache.catalina.core.StandardEngine.startInternal 서버 엔진을 시작합니다: [Apache Tomcat/10.1.15]
14-Nov-2023 19:21:11.452 정보 [main] org.apache.catalina.startup.HostConfig.deployDescriptor 배치 descriptor [C:\works\java_projects\JSP_Board\conf\Catalina\localhost\ROOT.xml]을(를) 배치합니다.
14-Nov-2023 19:21:12.217 경고 [main] org.apache.catalina.util.SessionIdGeneratorBase.createSecureRandom [SHA1PRNG] 알고리즘을 사용하여, 세션 ID를 생성하기 위한 SecureRandom 객체를 생성하는데, [146] 밀리초가 소요됐습니다.
14-Nov-2023 19:21:12.241 정보 [main] org.apache.catalina.startup.HostConfig.deployDescriptor 배치 descriptor [C:\works\java_projects\JSP_Board\conf\Catalina\localhost\ROOT.xml]의 배치가 [789] 밀리초 내에 완료되었습니다.
14-Nov-2023 19:21:12.251 정보 [main] org.apache.coyote.AbstractProtocol.start 프로토콜 핸들러 ["http-nio-8081"]을(를) 시작합니다.
14-Nov-2023 19:21:12.366 정보 [main] org.apache.catalina.startup.Catalina.start 서버가 [1030] 밀리초 내에 시작되었습니다.
14-Nov-2023 19:21:58.444 정보 [Thread-1] org.apache.coyote.AbstractProtocol.pause 프로토콜 핸들러 ["http-nio-8081"]을(를) 일시 정지 중
14-Nov-2023 19:21:58.480 정보 [Thread-1] org.apache.catalina.core.StandardService.stopInternal 서비스 [Catalina]을(를) 중지시킵니다.
14-Nov-2023 19:21:58.497 정보 [Thread-1] org.apache.coyote.AbstractProtocol.stop 프로토콜 핸들러 ["http-nio-8081"]을(를) 중지시킵니다.
14-Nov-2023 19:21:58.508 정보 [Thread-1] org.apache.coyote.AbstractProtocol.destroy 프로토콜 핸들러 ["http-nio-8081"]을(를) 소멸시킵니다.
14-Nov-2023 19:22:02.156 정보 [main] org.apache.catalina.startup.VersionLoggerListener.log 서버 버전 이름:    Apache Tomcat/10.1.15
14-Nov-2023 19:22:02.159 정보 [main] org.apache.catalina.startup.VersionLoggerListener.log Server 빌드 시각:  Oct 11 2023 23:38:40 UTC
14-Nov-2023 19:22:02.160 정보 [main] org.apache.catalina.startup.VersionLoggerListener.log Server 버전 번호:  10.1.15.0
14-Nov-2023 19:22:02.160 정보 [main] org.apache.catalina.startup.VersionLoggerListener.log 운영체제 이름:     Windows 11
14-Nov-2023 19:22:02.160 정보 [main] org.apache.catalina.startup.VersionLoggerListener.log 운영체제 버전:     10.0
14-Nov-2023 19:22:02.160 정보 [main] org.apache.catalina.startup.VersionLoggerListener.log 아키텍처:          amd64
14-Nov-2023 19:22:02.160 정보 [main] org.apache.catalina.startup.VersionLoggerListener.log 자바 홈:           C:\Users\전은기\.jdks\corretto-17.0.9
14-Nov-2023 19:22:02.160 정보 [main] org.apache.catalina.startup.VersionLoggerListener.log JVM 버전:          17.0.9+8-LTS
14-Nov-2023 19:22:02.161 정보 [main] org.apache.catalina.startup.VersionLoggerListener.log JVM 벤더:          Amazon.com Inc.
14-Nov-2023 19:22:02.161 정보 [main] org.apache.catalina.startup.VersionLoggerListener.log CATALINA_BASE:     C:\works\java_projects\JSP_Board
14-Nov-2023 19:22:02.161 정보 [main] org.apache.catalina.startup.VersionLoggerListener.log CATALINA_HOME:     C:\works\apache-tomcat-10.1.15
14-Nov-2023 19:22:02.172 정보 [main] org.apache.catalina.startup.VersionLoggerListener.log 명령 행 아규먼트:  --add-opens=java.base/java.lang=ALL-UNNAMED
14-Nov-2023 19:22:02.172 정보 [main] org.apache.catalina.startup.VersionLoggerListener.log 명령 행 아규먼트:  --add-opens=java.base/java.io=ALL-UNNAMED
14-Nov-2023 19:22:02.173 정보 [main] org.apache.catalina.startup.VersionLoggerListener.log 명령 행 아규먼트:  --add-opens=java.base/java.util=ALL-UNNAMED
14-Nov-2023 19:22:02.173 정보 [main] org.apache.catalina.startup.VersionLoggerListener.log 명령 행 아규먼트:  --add-opens=java.base/java.util.concurrent=ALL-UNNAMED
14-Nov-2023 19:22:02.173 정보 [main] org.apache.catalina.startup.VersionLoggerListener.log 명령 행 아규먼트:  --add-opens=java.rmi/sun.rmi.transport=ALL-UNNAMED
14-Nov-2023 19:22:02.173 정보 [main] org.apache.catalina.startup.VersionLoggerListener.log 명령 행 아규먼트:  -Dcatalina.home=C:\works\apache-tomcat-10.1.15
14-Nov-2023 19:22:02.173 정보 [main] org.apache.catalina.startup.VersionLoggerListener.log 명령 행 아규먼트:  -Dcatalina.base=C:\works\java_projects\JSP_Board
14-Nov-2023 19:22:02.173 정보 [main] org.apache.catalina.startup.VersionLoggerListener.log 명령 행 아규먼트:  -Djava.io.tmpdir=C:\works\java_projects\JSP_Board\temp
14-Nov-2023 19:22:02.173 정보 [main] org.apache.catalina.startup.VersionLoggerListener.log 명령 행 아규먼트:  -Djava.util.logging.config.file=C:\works\java_projects\JSP_Board\conf\logging.properties
14-Nov-2023 19:22:02.173 정보 [main] org.apache.catalina.startup.VersionLoggerListener.log 명령 행 아규먼트:  -Djava.util.logging.manager=org.apache.juli.ClassLoaderLogManager
14-Nov-2023 19:22:02.174 정보 [main] org.apache.catalina.startup.VersionLoggerListener.log 명령 행 아규먼트:  -javaagent:C:\Program Files\JetBrains\IntelliJ IDEA Community Edition 2023.2.5\lib\idea_rt.jar=49739:C:\Program Files\JetBrains\IntelliJ IDEA Community Edition 2023.2.5\bin
14-Nov-2023 19:22:02.174 정보 [main] org.apache.catalina.startup.VersionLoggerListener.log 명령 행 아규먼트:  -Dfile.encoding=UTF-8
14-Nov-2023 19:22:02.177 정보 [main] org.apache.catalina.core.AprLifecycleListener.lifecycleEvent APR 버전 [1.7.4]을(를) 사용한, APR 기반 Apache Tomcat Native 라이브러리 [2.0.6]을(를) 로드했습니다.
14-Nov-2023 19:22:02.189 정보 [main] org.apache.catalina.core.AprLifecycleListener.initializeSSL OpenSSL이 성공적으로 초기화되었습니다: [OpenSSL 3.0.11 19 Sep 2023]
14-Nov-2023 19:22:02.447 정보 [main] org.apache.coyote.AbstractProtocol.init 프로토콜 핸들러 ["http-nio-8081"]을(를) 초기화합니다.
14-Nov-2023 19:22:02.477 정보 [main] org.apache.catalina.startup.Catalina.load [551] 밀리초 내에 서버가 초기화되었습니다.
14-Nov-2023 19:22:02.560 정보 [main] org.apache.catalina.core.StandardService.startInternal 서비스 [Catalina]을(를) 시작합니다.
14-Nov-2023 19:22:02.561 정보 [main] org.apache.catalina.core.StandardEngine.startInternal 서버 엔진을 시작합니다: [Apache Tomcat/10.1.15]
14-Nov-2023 19:22:02.585 정보 [main] org.apache.catalina.startup.HostConfig.deployDescriptor 배치 descriptor [C:\works\java_projects\JSP_Board\conf\Catalina\localhost\ROOT.xml]을(를) 배치합니다.
14-Nov-2023 19:22:03.429 경고 [main] org.apache.catalina.util.SessionIdGeneratorBase.createSecureRandom [SHA1PRNG] 알고리즘을 사용하여, 세션 ID를 생성하기 위한 SecureRandom 객체를 생성하는데, [145] 밀리초가 소요됐습니다.
14-Nov-2023 19:22:03.463 정보 [main] org.apache.catalina.startup.HostConfig.deployDescriptor 배치 descriptor [C:\works\java_projects\JSP_Board\conf\Catalina\localhost\ROOT.xml]의 배치가 [877] 밀리초 내에 완료되었습니다.
14-Nov-2023 19:22:03.473 정보 [main] org.apache.coyote.AbstractProtocol.start 프로토콜 핸들러 ["http-nio-8081"]을(를) 시작합니다.
14-Nov-2023 19:22:03.620 정보 [main] org.apache.catalina.startup.Catalina.start 서버가 [1142] 밀리초 내에 시작되었습니다.
14-Nov-2023 19:57:27.839 정보 [Catalina-utility-2] org.apache.catalina.core.StandardContext.reload 이름이 []인 컨텍스트를 다시 로드하는 작업이 시작되었습니다.
14-Nov-2023 19:57:27.925 정보 [Catalina-utility-2] org.apache.catalina.core.StandardContext.reload 이름이 []인 컨텍스트를 다시 로드하는 것을 완료했습니다.
14-Nov-2023 20:01:50.855 정보 [Thread-1] org.apache.coyote.AbstractProtocol.pause 프로토콜 핸들러 ["http-nio-8081"]을(를) 일시 정지 중
14-Nov-2023 20:01:50.908 정보 [Thread-1] org.apache.catalina.core.StandardService.stopInternal 서비스 [Catalina]을(를) 중지시킵니다.
14-Nov-2023 20:01:50.917 정보 [Thread-1] org.apache.coyote.AbstractProtocol.stop 프로토콜 핸들러 ["http-nio-8081"]을(를) 중지시킵니다.
14-Nov-2023 20:01:50.925 정보 [Thread-1] org.apache.coyote.AbstractProtocol.destroy 프로토콜 핸들러 ["http-nio-8081"]을(를) 소멸시킵니다.
14-Nov-2023 20:01:54.713 정보 [main] org.apache.catalina.startup.VersionLoggerListener.log 서버 버전 이름:    Apache Tomcat/10.1.15
14-Nov-2023 20:01:54.718 정보 [main] org.apache.catalina.startup.VersionLoggerListener.log Server 빌드 시각:  Oct 11 2023 23:38:40 UTC
14-Nov-2023 20:01:54.718 정보 [main] org.apache.catalina.startup.VersionLoggerListener.log Server 버전 번호:  10.1.15.0
14-Nov-2023 20:01:54.718 정보 [main] org.apache.catalina.startup.VersionLoggerListener.log 운영체제 이름:     Windows 11
14-Nov-2023 20:01:54.719 정보 [main] org.apache.catalina.startup.VersionLoggerListener.log 운영체제 버전:     10.0
14-Nov-2023 20:01:54.719 정보 [main] org.apache.catalina.startup.VersionLoggerListener.log 아키텍처:          amd64
14-Nov-2023 20:01:54.719 정보 [main] org.apache.catalina.startup.VersionLoggerListener.log 자바 홈:           C:\Users\전은기\.jdks\corretto-17.0.9
14-Nov-2023 20:01:54.719 정보 [main] org.apache.catalina.startup.VersionLoggerListener.log JVM 버전:          17.0.9+8-LTS
14-Nov-2023 20:01:54.719 정보 [main] org.apache.catalina.startup.VersionLoggerListener.log JVM 벤더:          Amazon.com Inc.
14-Nov-2023 20:01:54.719 정보 [main] org.apache.catalina.startup.VersionLoggerListener.log CATALINA_BASE:     C:\works\java_projects\JSP_Board
14-Nov-2023 20:01:54.719 정보 [main] org.apache.catalina.startup.VersionLoggerListener.log CATALINA_HOME:     C:\works\apache-tomcat-10.1.15
14-Nov-2023 20:01:54.735 정보 [main] org.apache.catalina.startup.VersionLoggerListener.log 명령 행 아규먼트:  --add-opens=java.base/java.lang=ALL-UNNAMED
14-Nov-2023 20:01:54.736 정보 [main] org.apache.catalina.startup.VersionLoggerListener.log 명령 행 아규먼트:  --add-opens=java.base/java.io=ALL-UNNAMED
14-Nov-2023 20:01:54.736 정보 [main] org.apache.catalina.startup.VersionLoggerListener.log 명령 행 아규먼트:  --add-opens=java.base/java.util=ALL-UNNAMED
14-Nov-2023 20:01:54.736 정보 [main] org.apache.catalina.startup.VersionLoggerListener.log 명령 행 아규먼트:  --add-opens=java.base/java.util.concurrent=ALL-UNNAMED
14-Nov-2023 20:01:54.736 정보 [main] org.apache.catalina.startup.VersionLoggerListener.log 명령 행 아규먼트:  --add-opens=java.rmi/sun.rmi.transport=ALL-UNNAMED
14-Nov-2023 20:01:54.737 정보 [main] org.apache.catalina.startup.VersionLoggerListener.log 명령 행 아규먼트:  -Dcatalina.home=C:\works\apache-tomcat-10.1.15
14-Nov-2023 20:01:54.737 정보 [main] org.apache.catalina.startup.VersionLoggerListener.log 명령 행 아규먼트:  -Dcatalina.base=C:\works\java_projects\JSP_Board
14-Nov-2023 20:01:54.737 정보 [main] org.apache.catalina.startup.VersionLoggerListener.log 명령 행 아규먼트:  -Djava.io.tmpdir=C:\works\java_projects\JSP_Board\temp
14-Nov-2023 20:01:54.738 정보 [main] org.apache.catalina.startup.VersionLoggerListener.log 명령 행 아규먼트:  -Djava.util.logging.config.file=C:\works\java_projects\JSP_Board\conf\logging.properties
14-Nov-2023 20:01:54.738 정보 [main] org.apache.catalina.startup.VersionLoggerListener.log 명령 행 아규먼트:  -Djava.util.logging.manager=org.apache.juli.ClassLoaderLogManager
14-Nov-2023 20:01:54.739 정보 [main] org.apache.catalina.startup.VersionLoggerListener.log 명령 행 아규먼트:  -javaagent:C:\Program Files\JetBrains\IntelliJ IDEA Community Edition 2023.2.5\lib\idea_rt.jar=50736:C:\Program Files\JetBrains\IntelliJ IDEA Community Edition 2023.2.5\bin
14-Nov-2023 20:01:54.739 정보 [main] org.apache.catalina.startup.VersionLoggerListener.log 명령 행 아규먼트:  -Dfile.encoding=UTF-8
14-Nov-2023 20:01:54.744 정보 [main] org.apache.catalina.core.AprLifecycleListener.lifecycleEvent APR 버전 [1.7.4]을(를) 사용한, APR 기반 Apache Tomcat Native 라이브러리 [2.0.6]을(를) 로드했습니다.
14-Nov-2023 20:01:54.756 정보 [main] org.apache.catalina.core.AprLifecycleListener.initializeSSL OpenSSL이 성공적으로 초기화되었습니다: [OpenSSL 3.0.11 19 Sep 2023]
14-Nov-2023 20:01:55.051 정보 [main] org.apache.coyote.AbstractProtocol.init 프로토콜 핸들러 ["http-nio-8081"]을(를) 초기화합니다.
14-Nov-2023 20:01:55.083 정보 [main] org.apache.catalina.startup.Catalina.load [603] 밀리초 내에 서버가 초기화되었습니다.
14-Nov-2023 20:01:55.167 정보 [main] org.apache.catalina.core.StandardService.startInternal 서비스 [Catalina]을(를) 시작합니다.
14-Nov-2023 20:01:55.167 정보 [main] org.apache.catalina.core.StandardEngine.startInternal 서버 엔진을 시작합니다: [Apache Tomcat/10.1.15]
14-Nov-2023 20:01:55.188 정보 [main] org.apache.catalina.startup.HostConfig.deployDescriptor 배치 descriptor [C:\works\java_projects\JSP_Board\conf\Catalina\localhost\ROOT.xml]을(를) 배치합니다.
14-Nov-2023 20:01:55.841 경고 [main] org.apache.catalina.util.SessionIdGeneratorBase.createSecureRandom [SHA1PRNG] 알고리즘을 사용하여, 세션 ID를 생성하기 위한 SecureRandom 객체를 생성하는데, [127] 밀리초가 소요됐습니다.
14-Nov-2023 20:01:55.874 정보 [main] org.apache.catalina.startup.HostConfig.deployDescriptor 배치 descriptor [C:\works\java_projects\JSP_Board\conf\Catalina\localhost\ROOT.xml]의 배치가 [686] 밀리초 내에 완료되었습니다.
14-Nov-2023 20:01:55.879 정보 [main] org.apache.coyote.AbstractProtocol.start 프로토콜 핸들러 ["http-nio-8081"]을(를) 시작합니다.
14-Nov-2023 20:01:56.029 정보 [main] org.apache.catalina.startup.Catalina.start 서버가 [945] 밀리초 내에 시작되었습니다.
14-Nov-2023 20:10:27.063 정보 [Catalina-utility-2] org.apache.catalina.core.StandardContext.reload 이름이 []인 컨텍스트를 다시 로드하는 작업이 시작되었습니다.
14-Nov-2023 20:10:27.268 정보 [Catalina-utility-2] org.apache.catalina.core.StandardContext.reload 이름이 []인 컨텍스트를 다시 로드하는 것을 완료했습니다.
14-Nov-2023 20:11:23.428 정보 [Thread-1] org.apache.coyote.AbstractProtocol.pause 프로토콜 핸들러 ["http-nio-8081"]을(를) 일시 정지 중
14-Nov-2023 20:11:23.516 정보 [Thread-1] org.apache.catalina.core.StandardService.stopInternal 서비스 [Catalina]을(를) 중지시킵니다.
14-Nov-2023 20:11:23.524 정보 [Thread-1] org.apache.coyote.AbstractProtocol.stop 프로토콜 핸들러 ["http-nio-8081"]을(를) 중지시킵니다.
14-Nov-2023 20:11:23.536 정보 [Thread-1] org.apache.coyote.AbstractProtocol.destroy 프로토콜 핸들러 ["http-nio-8081"]을(를) 소멸시킵니다.
14-Nov-2023 20:11:27.440 정보 [main] org.apache.catalina.startup.VersionLoggerListener.log 서버 버전 이름:    Apache Tomcat/10.1.15
14-Nov-2023 20:11:27.445 정보 [main] org.apache.catalina.startup.VersionLoggerListener.log Server 빌드 시각:  Oct 11 2023 23:38:40 UTC
14-Nov-2023 20:11:27.445 정보 [main] org.apache.catalina.startup.VersionLoggerListener.log Server 버전 번호:  10.1.15.0
14-Nov-2023 20:11:27.445 정보 [main] org.apache.catalina.startup.VersionLoggerListener.log 운영체제 이름:     Windows 11
14-Nov-2023 20:11:27.445 정보 [main] org.apache.catalina.startup.VersionLoggerListener.log 운영체제 버전:     10.0
14-Nov-2023 20:11:27.445 정보 [main] org.apache.catalina.startup.VersionLoggerListener.log 아키텍처:          amd64
14-Nov-2023 20:11:27.445 정보 [main] org.apache.catalina.startup.VersionLoggerListener.log 자바 홈:           C:\Users\전은기\.jdks\corretto-17.0.9
14-Nov-2023 20:11:27.445 정보 [main] org.apache.catalina.startup.VersionLoggerListener.log JVM 버전:          17.0.9+8-LTS
14-Nov-2023 20:11:27.446 정보 [main] org.apache.catalina.startup.VersionLoggerListener.log JVM 벤더:          Amazon.com Inc.
14-Nov-2023 20:11:27.446 정보 [main] org.apache.catalina.startup.VersionLoggerListener.log CATALINA_BASE:     C:\works\java_projects\JSP_Board
14-Nov-2023 20:11:27.446 정보 [main] org.apache.catalina.startup.VersionLoggerListener.log CATALINA_HOME:     C:\works\apache-tomcat-10.1.15
14-Nov-2023 20:11:27.461 정보 [main] org.apache.catalina.startup.VersionLoggerListener.log 명령 행 아규먼트:  --add-opens=java.base/java.lang=ALL-UNNAMED
14-Nov-2023 20:11:27.461 정보 [main] org.apache.catalina.startup.VersionLoggerListener.log 명령 행 아규먼트:  --add-opens=java.base/java.io=ALL-UNNAMED
14-Nov-2023 20:11:27.462 정보 [main] org.apache.catalina.startup.VersionLoggerListener.log 명령 행 아규먼트:  --add-opens=java.base/java.util=ALL-UNNAMED
14-Nov-2023 20:11:27.462 정보 [main] org.apache.catalina.startup.VersionLoggerListener.log 명령 행 아규먼트:  --add-opens=java.base/java.util.concurrent=ALL-UNNAMED
14-Nov-2023 20:11:27.462 정보 [main] org.apache.catalina.startup.VersionLoggerListener.log 명령 행 아규먼트:  --add-opens=java.rmi/sun.rmi.transport=ALL-UNNAMED
14-Nov-2023 20:11:27.462 정보 [main] org.apache.catalina.startup.VersionLoggerListener.log 명령 행 아규먼트:  -Dcatalina.home=C:\works\apache-tomcat-10.1.15
14-Nov-2023 20:11:27.462 정보 [main] org.apache.catalina.startup.VersionLoggerListener.log 명령 행 아규먼트:  -Dcatalina.base=C:\works\java_projects\JSP_Board
14-Nov-2023 20:11:27.462 정보 [main] org.apache.catalina.startup.VersionLoggerListener.log 명령 행 아규먼트:  -Djava.io.tmpdir=C:\works\java_projects\JSP_Board\temp
14-Nov-2023 20:11:27.462 정보 [main] org.apache.catalina.startup.VersionLoggerListener.log 명령 행 아규먼트:  -Djava.util.logging.config.file=C:\works\java_projects\JSP_Board\conf\logging.properties
14-Nov-2023 20:11:27.462 정보 [main] org.apache.catalina.startup.VersionLoggerListener.log 명령 행 아규먼트:  -Djava.util.logging.manager=org.apache.juli.ClassLoaderLogManager
14-Nov-2023 20:11:27.463 정보 [main] org.apache.catalina.startup.VersionLoggerListener.log 명령 행 아규먼트:  -javaagent:C:\Program Files\JetBrains\IntelliJ IDEA Community Edition 2023.2.5\lib\idea_rt.jar=50962:C:\Program Files\JetBrains\IntelliJ IDEA Community Edition 2023.2.5\bin
14-Nov-2023 20:11:27.463 정보 [main] org.apache.catalina.startup.VersionLoggerListener.log 명령 행 아규먼트:  -Dfile.encoding=UTF-8
14-Nov-2023 20:11:27.468 정보 [main] org.apache.catalina.core.AprLifecycleListener.lifecycleEvent APR 버전 [1.7.4]을(를) 사용한, APR 기반 Apache Tomcat Native 라이브러리 [2.0.6]을(를) 로드했습니다.
14-Nov-2023 20:11:27.481 정보 [main] org.apache.catalina.core.AprLifecycleListener.initializeSSL OpenSSL이 성공적으로 초기화되었습니다: [OpenSSL 3.0.11 19 Sep 2023]
14-Nov-2023 20:11:27.796 정보 [main] org.apache.coyote.AbstractProtocol.init 프로토콜 핸들러 ["http-nio-8081"]을(를) 초기화합니다.
14-Nov-2023 20:11:27.827 정보 [main] org.apache.catalina.startup.Catalina.load [647] 밀리초 내에 서버가 초기화되었습니다.
14-Nov-2023 20:11:27.899 정보 [main] org.apache.catalina.core.StandardService.startInternal 서비스 [Catalina]을(를) 시작합니다.
14-Nov-2023 20:11:27.899 정보 [main] org.apache.catalina.core.StandardEngine.startInternal 서버 엔진을 시작합니다: [Apache Tomcat/10.1.15]
14-Nov-2023 20:11:27.929 정보 [main] org.apache.catalina.startup.HostConfig.deployDescriptor 배치 descriptor [C:\works\java_projects\JSP_Board\conf\Catalina\localhost\ROOT.xml]을(를) 배치합니다.
14-Nov-2023 20:11:28.600 경고 [main] org.apache.catalina.util.SessionIdGeneratorBase.createSecureRandom [SHA1PRNG] 알고리즘을 사용하여, 세션 ID를 생성하기 위한 SecureRandom 객체를 생성하는데, [123] 밀리초가 소요됐습니다.
14-Nov-2023 20:11:28.640 정보 [main] org.apache.catalina.startup.HostConfig.deployDescriptor 배치 descriptor [C:\works\java_projects\JSP_Board\conf\Catalina\localhost\ROOT.xml]의 배치가 [711] 밀리초 내에 완료되었습니다.
14-Nov-2023 20:11:28.644 정보 [main] org.apache.coyote.AbstractProtocol.start 프로토콜 핸들러 ["http-nio-8081"]을(를) 시작합니다.
14-Nov-2023 20:11:28.835 정보 [main] org.apache.catalina.startup.Catalina.start 서버가 [1007] 밀리초 내에 시작되었습니다.
14-Nov-2023 20:13:48.936 정보 [Catalina-utility-1] org.apache.catalina.core.StandardContext.reload 이름이 []인 컨텍스트를 다시 로드하는 작업이 시작되었습니다.
14-Nov-2023 20:13:49.051 정보 [Catalina-utility-1] org.apache.catalina.core.StandardContext.reload 이름이 []인 컨텍스트를 다시 로드하는 것을 완료했습니다.
14-Nov-2023 20:13:50.035 정보 [Thread-1] org.apache.coyote.AbstractProtocol.pause 프로토콜 핸들러 ["http-nio-8081"]을(를) 일시 정지 중
14-Nov-2023 20:13:50.068 정보 [Thread-1] org.apache.catalina.core.StandardService.stopInternal 서비스 [Catalina]을(를) 중지시킵니다.
14-Nov-2023 20:13:50.075 정보 [Thread-1] org.apache.coyote.AbstractProtocol.stop 프로토콜 핸들러 ["http-nio-8081"]을(를) 중지시킵니다.
14-Nov-2023 20:13:50.081 정보 [Thread-1] org.apache.coyote.AbstractProtocol.destroy 프로토콜 핸들러 ["http-nio-8081"]을(를) 소멸시킵니다.
14-Nov-2023 20:13:53.638 정보 [main] org.apache.catalina.startup.VersionLoggerListener.log 서버 버전 이름:    Apache Tomcat/10.1.15
14-Nov-2023 20:13:53.642 정보 [main] org.apache.catalina.startup.VersionLoggerListener.log Server 빌드 시각:  Oct 11 2023 23:38:40 UTC
14-Nov-2023 20:13:53.642 정보 [main] org.apache.catalina.startup.VersionLoggerListener.log Server 버전 번호:  10.1.15.0
14-Nov-2023 20:13:53.642 정보 [main] org.apache.catalina.startup.VersionLoggerListener.log 운영체제 이름:     Windows 11
14-Nov-2023 20:13:53.643 정보 [main] org.apache.catalina.startup.VersionLoggerListener.log 운영체제 버전:     10.0
14-Nov-2023 20:13:53.643 정보 [main] org.apache.catalina.startup.VersionLoggerListener.log 아키텍처:          amd64
14-Nov-2023 20:13:53.643 정보 [main] org.apache.catalina.startup.VersionLoggerListener.log 자바 홈:           C:\Users\전은기\.jdks\corretto-17.0.9
14-Nov-2023 20:13:53.643 정보 [main] org.apache.catalina.startup.VersionLoggerListener.log JVM 버전:          17.0.9+8-LTS
14-Nov-2023 20:13:53.643 정보 [main] org.apache.catalina.startup.VersionLoggerListener.log JVM 벤더:          Amazon.com Inc.
14-Nov-2023 20:13:53.643 정보 [main] org.apache.catalina.startup.VersionLoggerListener.log CATALINA_BASE:     C:\works\java_projects\JSP_Board
14-Nov-2023 20:13:53.643 정보 [main] org.apache.catalina.startup.VersionLoggerListener.log CATALINA_HOME:     C:\works\apache-tomcat-10.1.15
14-Nov-2023 20:13:53.655 정보 [main] org.apache.catalina.startup.VersionLoggerListener.log 명령 행 아규먼트:  --add-opens=java.base/java.lang=ALL-UNNAMED
14-Nov-2023 20:13:53.655 정보 [main] org.apache.catalina.startup.VersionLoggerListener.log 명령 행 아규먼트:  --add-opens=java.base/java.io=ALL-UNNAMED
14-Nov-2023 20:13:53.655 정보 [main] org.apache.catalina.startup.VersionLoggerListener.log 명령 행 아규먼트:  --add-opens=java.base/java.util=ALL-UNNAMED
14-Nov-2023 20:13:53.656 정보 [main] org.apache.catalina.startup.VersionLoggerListener.log 명령 행 아규먼트:  --add-opens=java.base/java.util.concurrent=ALL-UNNAMED
14-Nov-2023 20:13:53.656 정보 [main] org.apache.catalina.startup.VersionLoggerListener.log 명령 행 아규먼트:  --add-opens=java.rmi/sun.rmi.transport=ALL-UNNAMED
14-Nov-2023 20:13:53.656 정보 [main] org.apache.catalina.startup.VersionLoggerListener.log 명령 행 아규먼트:  -Dcatalina.home=C:\works\apache-tomcat-10.1.15
14-Nov-2023 20:13:53.656 정보 [main] org.apache.catalina.startup.VersionLoggerListener.log 명령 행 아규먼트:  -Dcatalina.base=C:\works\java_projects\JSP_Board
14-Nov-2023 20:13:53.656 정보 [main] org.apache.catalina.startup.VersionLoggerListener.log 명령 행 아규먼트:  -Djava.io.tmpdir=C:\works\java_projects\JSP_Board\temp
14-Nov-2023 20:13:53.656 정보 [main] org.apache.catalina.startup.VersionLoggerListener.log 명령 행 아규먼트:  -Djava.util.logging.config.file=C:\works\java_projects\JSP_Board\conf\logging.properties
14-Nov-2023 20:13:53.656 정보 [main] org.apache.catalina.startup.VersionLoggerListener.log 명령 행 아규먼트:  -Djava.util.logging.manager=org.apache.juli.ClassLoaderLogManager
14-Nov-2023 20:13:53.656 정보 [main] org.apache.catalina.startup.VersionLoggerListener.log 명령 행 아규먼트:  -javaagent:C:\Program Files\JetBrains\IntelliJ IDEA Community Edition 2023.2.5\lib\idea_rt.jar=51016:C:\Program Files\JetBrains\IntelliJ IDEA Community Edition 2023.2.5\bin
14-Nov-2023 20:13:53.657 정보 [main] org.apache.catalina.startup.VersionLoggerListener.log 명령 행 아규먼트:  -Dfile.encoding=UTF-8
14-Nov-2023 20:13:53.660 정보 [main] org.apache.catalina.core.AprLifecycleListener.lifecycleEvent APR 버전 [1.7.4]을(를) 사용한, APR 기반 Apache Tomcat Native 라이브러리 [2.0.6]을(를) 로드했습니다.
14-Nov-2023 20:13:53.667 정보 [main] org.apache.catalina.core.AprLifecycleListener.initializeSSL OpenSSL이 성공적으로 초기화되었습니다: [OpenSSL 3.0.11 19 Sep 2023]
14-Nov-2023 20:13:53.959 정보 [main] org.apache.coyote.AbstractProtocol.init 프로토콜 핸들러 ["http-nio-8081"]을(를) 초기화합니다.
14-Nov-2023 20:13:53.999 정보 [main] org.apache.catalina.startup.Catalina.load [611] 밀리초 내에 서버가 초기화되었습니다.
14-Nov-2023 20:13:54.101 정보 [main] org.apache.catalina.core.StandardService.startInternal 서비스 [Catalina]을(를) 시작합니다.
14-Nov-2023 20:13:54.102 정보 [main] org.apache.catalina.core.StandardEngine.startInternal 서버 엔진을 시작합니다: [Apache Tomcat/10.1.15]
14-Nov-2023 20:13:54.135 정보 [main] org.apache.catalina.startup.HostConfig.deployDescriptor 배치 descriptor [C:\works\java_projects\JSP_Board\conf\Catalina\localhost\ROOT.xml]을(를) 배치합니다.
14-Nov-2023 20:13:54.884 경고 [main] org.apache.catalina.util.SessionIdGeneratorBase.createSecureRandom [SHA1PRNG] 알고리즘을 사용하여, 세션 ID를 생성하기 위한 SecureRandom 객체를 생성하는데, [138] 밀리초가 소요됐습니다.
14-Nov-2023 20:13:54.922 정보 [main] org.apache.catalina.startup.HostConfig.deployDescriptor 배치 descriptor [C:\works\java_projects\JSP_Board\conf\Catalina\localhost\ROOT.xml]의 배치가 [787] 밀리초 내에 완료되었습니다.
14-Nov-2023 20:13:54.927 정보 [main] org.apache.coyote.AbstractProtocol.start 프로토콜 핸들러 ["http-nio-8081"]을(를) 시작합니다.
14-Nov-2023 20:13:55.159 정보 [main] org.apache.catalina.startup.Catalina.start 서버가 [1160] 밀리초 내에 시작되었습니다.
14-Nov-2023 20:15:35.136 정보 [Catalina-utility-1] org.apache.catalina.core.StandardContext.reload 이름이 []인 컨텍스트를 다시 로드하는 작업이 시작되었습니다.
14-Nov-2023 20:15:35.252 정보 [Catalina-utility-1] org.apache.catalina.core.StandardContext.reload 이름이 []인 컨텍스트를 다시 로드하는 것을 완료했습니다.
14-Nov-2023 20:17:25.467 정보 [Catalina-utility-2] org.apache.catalina.core.StandardContext.reload 이름이 []인 컨텍스트를 다시 로드하는 작업이 시작되었습니다.
14-Nov-2023 20:17:25.554 정보 [Catalina-utility-2] org.apache.catalina.core.StandardContext.reload 이름이 []인 컨텍스트를 다시 로드하는 것을 완료했습니다.
14-Nov-2023 20:59:04.121 정보 [Thread-1] org.apache.coyote.AbstractProtocol.pause 프로토콜 핸들러 ["http-nio-8081"]을(를) 일시 정지 중
14-Nov-2023 20:59:04.143 정보 [Thread-1] org.apache.catalina.core.StandardService.stopInternal 서비스 [Catalina]을(를) 중지시킵니다.
14-Nov-2023 20:59:04.145 정보 [Thread-1] org.apache.coyote.AbstractProtocol.stop 프로토콜 핸들러 ["http-nio-8081"]을(를) 중지시킵니다.
14-Nov-2023 20:59:04.149 정보 [Thread-1] org.apache.coyote.AbstractProtocol.destroy 프로토콜 핸들러 ["http-nio-8081"]을(를) 소멸시킵니다.
